<?xml version="1.0" encoding="UTF-8"?>
<!-- Generated by org.testng.reporters.JUnitReportReporter -->
<testsuite skipped="0" hostname="pozmw031341" name="mavencourse.AppiumTest" tests="2" failures="0" timestamp="2021-08-12T09:06:54 CEST" time="0.008" errors="0">
  <testcase name="AppiumTestCase1" time="0.008" classname="mavencourse.AppiumTest"/>
  <system-out/>
  <testcase name="AppiumTestCase2" time="0.000" classname="mavencourse.AppiumTest"/>
  <system-out/>
</testsuite> <!-- mavencourse.AppiumTest -->
