<?xml version="1.0" encoding="UTF-8"?>
<!-- Generated by org.testng.reporters.JUnitReportReporter -->
<testsuite skipped="0" hostname="pozmw031341" name="mavencourse.SeleniumTest" tests="2" failures="0" timestamp="2021-08-12T09:06:54 CEST" time="0.000" errors="0">
  <testcase name="SeleniumTestCase2" time="0.000" classname="mavencourse.SeleniumTest"/>
  <system-out/>
  <testcase name="SeleniumTestCase1" time="0.000" classname="mavencourse.SeleniumTest"/>
  <system-out/>
</testsuite> <!-- mavencourse.SeleniumTest -->
