<?xml version="1.0" encoding="UTF-8"?>
<!-- Generated by org.testng.reporters.JUnitReportReporter -->
<testsuite skipped="0" hostname="pozmw031341" name="mavencourse.RESTAPITest" tests="2" failures="0" timestamp="2021-08-12T09:06:54 CEST" time="0.001" errors="0">
  <testcase name="RESTAPITestCase1" time="0.000" classname="mavencourse.RESTAPITest"/>
  <system-out/>
  <testcase name="RESTAPITestCase2" time="0.001" classname="mavencourse.RESTAPITest"/>
  <system-out/>
</testsuite> <!-- mavencourse.RESTAPITest -->
